

Started GET "/users" for 127.0.0.1 at 2013-10-30 17:44:18 +0900
  [1m[36mActiveRecord::SchemaMigration Load (0.1ms)[0m  [1mSELECT "schema_migrations".* FROM "schema_migrations"[0m

ActionController::RoutingError (No route matches [GET] "/users"):
  actionpack (4.0.0) lib/action_dispatch/middleware/debug_exceptions.rb:21:in `call'
  actionpack (4.0.0) lib/action_dispatch/middleware/show_exceptions.rb:30:in `call'
  railties (4.0.0) lib/rails/rack/logger.rb:38:in `call_app'
  railties (4.0.0) lib/rails/rack/logger.rb:21:in `block in call'
  activesupport (4.0.0) lib/active_support/tagged_logging.rb:67:in `block in tagged'
  activesupport (4.0.0) lib/active_support/tagged_logging.rb:25:in `tagged'
  activesupport (4.0.0) lib/active_support/tagged_logging.rb:67:in `tagged'
  railties (4.0.0) lib/rails/rack/logger.rb:21:in `call'
  actionpack (4.0.0) lib/action_dispatch/middleware/request_id.rb:21:in `call'
  rack (1.5.2) lib/rack/methodoverride.rb:21:in `call'
  rack (1.5.2) lib/rack/runtime.rb:17:in `call'
  activesupport (4.0.0) lib/active_support/cache/strategy/local_cache.rb:83:in `call'
  rack (1.5.2) lib/rack/lock.rb:17:in `call'
  actionpack (4.0.0) lib/action_dispatch/middleware/static.rb:64:in `call'
  railties (4.0.0) lib/rails/engine.rb:511:in `call'
  railties (4.0.0) lib/rails/application.rb:97:in `call'
  rack (1.5.2) lib/rack/lock.rb:17:in `call'
  rack (1.5.2) lib/rack/content_length.rb:14:in `call'
  rack (1.5.2) lib/rack/handler/webrick.rb:60:in `service'
  /usr/local/lib/ruby/2.0.0/webrick/httpserver.rb:138:in `service'
  /usr/local/lib/ruby/2.0.0/webrick/httpserver.rb:94:in `run'
  /usr/local/lib/ruby/2.0.0/webrick/server.rb:295:in `block in start_thread'


  Rendered /usr/local/lib/ruby/gems/2.0.0/gems/actionpack-4.0.0/lib/action_dispatch/middleware/templates/rescues/_trace.erb (1.3ms)
  Rendered /usr/local/lib/ruby/gems/2.0.0/gems/actionpack-4.0.0/lib/action_dispatch/middleware/templates/routes/_table.html.erb (22.7ms)
  Rendered /usr/local/lib/ruby/gems/2.0.0/gems/actionpack-4.0.0/lib/action_dispatch/middleware/templates/rescues/routing_error.erb within rescues/layout (52.2ms)


Started GET "/" for 127.0.0.1 at 2013-10-30 17:44:34 +0900
Processing by Rails::WelcomeController#index as HTML
  Rendered /usr/local/lib/ruby/gems/2.0.0/gems/railties-4.0.0/lib/rails/templates/rails/welcome/index.html.erb (0.9ms)
Completed 200 OK in 77ms (Views: 7.0ms | ActiveRecord: 0.0ms)


Started GET "/users" for 127.0.0.1 at 2013-10-30 17:45:06 +0900

ActionController::RoutingError (No route matches [GET] "/users"):
  actionpack (4.0.0) lib/action_dispatch/middleware/debug_exceptions.rb:21:in `call'
  actionpack (4.0.0) lib/action_dispatch/middleware/show_exceptions.rb:30:in `call'
  railties (4.0.0) lib/rails/rack/logger.rb:38:in `call_app'
  railties (4.0.0) lib/rails/rack/logger.rb:21:in `block in call'
  activesupport (4.0.0) lib/active_support/tagged_logging.rb:67:in `block in tagged'
  activesupport (4.0.0) lib/active_support/tagged_logging.rb:25:in `tagged'
  activesupport (4.0.0) lib/active_support/tagged_logging.rb:67:in `tagged'
  railties (4.0.0) lib/rails/rack/logger.rb:21:in `call'
  actionpack (4.0.0) lib/action_dispatch/middleware/request_id.rb:21:in `call'
  rack (1.5.2) lib/rack/methodoverride.rb:21:in `call'
  rack (1.5.2) lib/rack/runtime.rb:17:in `call'
  activesupport (4.0.0) lib/active_support/cache/strategy/local_cache.rb:83:in `call'
  rack (1.5.2) lib/rack/lock.rb:17:in `call'
  actionpack (4.0.0) lib/action_dispatch/middleware/static.rb:64:in `call'
  railties (4.0.0) lib/rails/engine.rb:511:in `call'
  railties (4.0.0) lib/rails/application.rb:97:in `call'
  rack (1.5.2) lib/rack/lock.rb:17:in `call'
  rack (1.5.2) lib/rack/content_length.rb:14:in `call'
  rack (1.5.2) lib/rack/handler/webrick.rb:60:in `service'
  /usr/local/lib/ruby/2.0.0/webrick/httpserver.rb:138:in `service'
  /usr/local/lib/ruby/2.0.0/webrick/httpserver.rb:94:in `run'
  /usr/local/lib/ruby/2.0.0/webrick/server.rb:295:in `block in start_thread'


  Rendered /usr/local/lib/ruby/gems/2.0.0/gems/actionpack-4.0.0/lib/action_dispatch/middleware/templates/rescues/_trace.erb (8.2ms)
  Rendered /usr/local/lib/ruby/gems/2.0.0/gems/actionpack-4.0.0/lib/action_dispatch/middleware/templates/routes/_table.html.erb (6.1ms)
  Rendered /usr/local/lib/ruby/gems/2.0.0/gems/actionpack-4.0.0/lib/action_dispatch/middleware/templates/rescues/routing_error.erb within rescues/layout (49.3ms)


Started GET "/users" for 127.0.0.1 at 2013-10-30 17:46:18 +0900
  [1m[36mActiveRecord::SchemaMigration Load (0.1ms)[0m  [1mSELECT "schema_migrations".* FROM "schema_migrations"[0m
Processing by UsersController#index as HTML
  [1m[35mUser Load (0.2ms)[0m  SELECT "users".* FROM "users"
  Rendered users/index.html.erb within layouts/application (135.6ms)
Completed 200 OK in 713ms (Views: 667.9ms | ActiveRecord: 8.4ms)


Started GET "/assets/application.css?body=1" for 127.0.0.1 at 2013-10-30 17:46:19 +0900


Started GET "/assets/scaffolds.css?body=1" for 127.0.0.1 at 2013-10-30 17:46:19 +0900


Started GET "/assets/users.css?body=1" for 127.0.0.1 at 2013-10-30 17:46:19 +0900


Started GET "/assets/jquery_ujs.js?body=1" for 127.0.0.1 at 2013-10-30 17:46:19 +0900


Started GET "/assets/jquery.js?body=1" for 127.0.0.1 at 2013-10-30 17:46:19 +0900


Started GET "/assets/turbolinks.js?body=1" for 127.0.0.1 at 2013-10-30 17:46:19 +0900


Started GET "/assets/application.js?body=1" for 127.0.0.1 at 2013-10-30 17:46:19 +0900


Started GET "/assets/users.js?body=1" for 127.0.0.1 at 2013-10-30 17:46:19 +0900
